This is pdfTeX, Version 3.14159265-2.6-1.40.17 (TeX Live 2016/Debian) (preloaded format=pdflatex 2017.2.25)  10 MAY 2017 16:29
entering extended mode
 restricted \write18 enabled.
 %&-line parsing enabled.
**"MPhil ACS Dissertation - A Bouland.tex"
(./MPhil ACS Dissertation - A Bouland.tex
LaTeX2e <2016/03/31> patch level 3
Babel <3.9r> and hyphenation patterns for 3 language(s) loaded.
(/usr/share/texlive/texmf-dist/tex/latex/base/report.cls
Document Class: report 2014/09/29 v1.4h Standard LaTeX document class
(/usr/share/texlive/texmf-dist/tex/latex/base/size11.clo
File: size11.clo 2014/09/29 v1.4h Standard LaTeX file (size option)
)
\c@part=\count79
\c@chapter=\count80
\c@section=\count81
\c@subsection=\count82
\c@subsubsection=\count83
\c@paragraph=\count84
\c@subparagraph=\count85
\c@figure=\count86
\c@table=\count87
\abovecaptionskip=\skip41
\belowcaptionskip=\skip42
\bibindent=\dimen102
)
(/home/kashif/texmf/tex/latex/a4wide/a4wide.sty
Package: a4wide 1994/08/30

(/usr/share/texlive/texmf-dist/tex/latex/ntgclass/a4.sty
Package: a4 2004/04/15 v1.2g A4 based page layout
))
(/home/kashif/texmf/tex/latex/parskip/parskip.sty
Package: parskip 2001/04/09 non-zero parskip adjustments
)
(/usr/share/texlive/texmf-dist/tex/latex/psnfss/times.sty
Package: times 2005/04/12 PSNFSS-v9.2a (SPQR) 
)
(/home/kashif/texmf/tex/latex/complexity/complexity.sty
Package: complexity 11/24/06  v0.77

  +----------------------------------------------+
    complexity LaTeX package 
    version: 
    author: Chris Bourke (cbourke@cse.unl.edu) 
  +----------------------------------------------+
(/usr/share/texlive/texmf-dist/tex/latex/base/ifthen.sty
Package: ifthen 2014/09/29 v1.1c Standard LaTeX ifthen package (DPC)
)
(/home/kashif/texmf/tex/latex/complexity/mycomplexity.sty))
(/usr/share/texlive/texmf-dist/tex/latex/amscls/amsthm.sty
Package: amsthm 2015/03/04 v2.20.2
\thm@style=\toks14
\thm@bodyfont=\toks15
\thm@headfont=\toks16
\thm@notefont=\toks17
\thm@headpunct=\toks18
\thm@preskip=\skip43
\thm@postskip=\skip44
\thm@headsep=\skip45
\dth@everypar=\toks19
)
(/usr/share/texlive/texmf-dist/tex/latex/graphics/graphicx.sty
Package: graphicx 2014/10/28 v1.0g Enhanced LaTeX Graphics (DPC,SPQR)

(/usr/share/texlive/texmf-dist/tex/latex/graphics/keyval.sty
Package: keyval 2014/10/28 v1.15 key=value parser (DPC)
\KV@toks@=\toks20
)
(/usr/share/texlive/texmf-dist/tex/latex/graphics/graphics.sty
Package: graphics 2016/07/10 v1.0t Standard LaTeX Graphics (DPC,SPQR)

(/usr/share/texlive/texmf-dist/tex/latex/graphics/trig.sty
Package: trig 2016/01/03 v1.10 sin cos tan (DPC)
)
(/usr/share/texlive/texmf-dist/tex/latex/graphics-cfg/graphics.cfg
File: graphics.cfg 2016/06/04 v1.11 sample graphics configuration
)
Package graphics Info: Driver file: pdftex.def on input line 99.

(/usr/share/texlive/texmf-dist/tex/latex/graphics-def/pdftex.def
File: pdftex.def 2016/07/10 v0.06j Graphics/color for pdfTeX

(/usr/share/texlive/texmf-dist/tex/generic/oberdiek/infwarerr.sty
Package: infwarerr 2016/05/16 v1.4 Providing info/warning/error messages (HO)
)
(/usr/share/texlive/texmf-dist/tex/generic/oberdiek/ltxcmds.sty
Package: ltxcmds 2016/05/16 v1.23 LaTeX kernel commands for general use (HO)
)
\Gread@gobject=\count88
))
\Gin@req@height=\dimen103
\Gin@req@width=\dimen104
)
(/usr/share/texlive/texmf-dist/tex/latex/tools/verbatim.sty
Package: verbatim 2014/10/28 v1.5q LaTeX2e package for verbatim enhancements
\every@verbatim=\toks21
\verbatim@line=\toks22
\verbatim@in@stream=\read1
)
(/home/kashif/texmf/tex/latex/amsfonts/amsfonts.sty
Package: amsfonts 2013/01/14 v3.01 Basic AMSFonts support
\@emptytoks=\toks23
\symAMSa=\mathgroup4
\symAMSb=\mathgroup5
LaTeX Font Info:    Overwriting math alphabet `\mathfrak' in version `bold'
(Font)                  U/euf/m/n --> U/euf/b/n on input line 106.
)
(/home/kashif/texmf/tex/latex/algorithm2e/algorithm2e.sty
Package: algorithm2e 2013/01/06 v5.00 algorithms environments
\c@AlgoLine=\count89
\algocf@hangindent=\skip46

(/usr/share/texlive/texmf-dist/tex/latex/tools/xspace.sty
Package: xspace 2014/10/28 v1.13 Space after command names (DPC,MH)
)
(/usr/share/texlive/texmf-dist/tex/latex/relsize/relsize.sty
Package: relsize 2013/03/29 ver 4.1
)
********************************************************
Package `algorithm2e' Release 5.1 -- october 19 2015 --
- algorithm2e-announce@lirmm.fr mailing list for announcement about releases
- algorithm2e-discussion@lirmm.fr mailing list for discussion about package
subscribe by emailing sympa@lirmm.fr with 'subscribe <list> <firstname name>'
- Author: Christophe Fiorio (christophe.fiorio@umontpellier.fr)
********************************************************
\skiptotal=\skip47
\skiplinenumber=\skip48
\skiprule=\skip49
\skiphlne=\skip50
\skiptext=\skip51
\skiplength=\skip52
\algomargin=\skip53
\skipalgocfslide=\skip54
\algowidth=\dimen105
\inoutsize=\dimen106
\inoutindent=\dimen107
\interspacetitleruled=\dimen108
\interspacealgoruled=\dimen109
\interspacetitleboxruled=\dimen110
\algocf@ruledwidth=\skip55
\algocf@inoutbox=\box26
\algocf@inputbox=\box27
\AlCapSkip=\skip56
\AlCapHSkip=\skip57
\algoskipindent=\skip58
\algocf@nlbox=\box28
\algocf@hangingbox=\box29
\algocf@untilbox=\box30
\algocf@skipuntil=\skip59
\algocf@capbox=\box31
\algoheightruledefault=\skip60
\algoheightrule=\skip61
\algotitleheightruledefault=\skip62
\algotitleheightrule=\skip63
\c@algocfline=\count90
\c@algocfproc=\count91
\c@algocf=\count92
\algocf@algoframe=\box32
\algocf@algobox=\box33
)
\c@thm=\count93
\c@claim=\count94
\c@cor=\count95
\c@defn=\count96
\c@conj=\count97
 (./MPhil ACS Dissertation - A Bouland.aux)
\openout1 = `"MPhil ACS Dissertation - A Bouland.aux"'.

LaTeX Font Info:    Checking defaults for OML/cmm/m/it on input line 28.
LaTeX Font Info:    ... okay on input line 28.
LaTeX Font Info:    Checking defaults for T1/cmr/m/n on input line 28.
LaTeX Font Info:    ... okay on input line 28.
LaTeX Font Info:    Checking defaults for OT1/cmr/m/n on input line 28.
LaTeX Font Info:    ... okay on input line 28.
LaTeX Font Info:    Checking defaults for OMS/cmsy/m/n on input line 28.
LaTeX Font Info:    ... okay on input line 28.
LaTeX Font Info:    Checking defaults for OMX/cmex/m/n on input line 28.
LaTeX Font Info:    ... okay on input line 28.
LaTeX Font Info:    Checking defaults for U/cmr/m/n on input line 28.
LaTeX Font Info:    ... okay on input line 28.
LaTeX Font Info:    Try loading font information for OT1+ptm on input line 28.

(/usr/share/texlive/texmf-dist/tex/latex/psnfss/ot1ptm.fd
File: ot1ptm.fd 2001/06/04 font definitions for OT1/ptm.
)
(/usr/share/texlive/texmf-dist/tex/context/base/mkii/supp-pdf.mkii
[Loading MPS to PDF converter (version 2006.09.02).]
\scratchcounter=\count98
\scratchdimen=\dimen111
\scratchbox=\box34
\nofMPsegments=\count99
\nofMParguments=\count100
\everyMPshowfont=\toks24
\MPscratchCnt=\count101
\MPscratchDim=\dimen112
\MPnumerator=\count102
\makeMPintoPDFobject=\count103
\everyMPtoPDFconversion=\toks25
) (/usr/share/texlive/texmf-dist/tex/generic/oberdiek/pdftexcmds.sty
Package: pdftexcmds 2016/05/21 v0.22 Utility functions of pdfTeX for LuaTeX (HO
)

(/usr/share/texlive/texmf-dist/tex/generic/oberdiek/ifluatex.sty
Package: ifluatex 2016/05/16 v1.4 Provides the ifluatex switch (HO)
Package ifluatex Info: LuaTeX not detected.
)
(/usr/share/texlive/texmf-dist/tex/generic/oberdiek/ifpdf.sty
Package: ifpdf 2016/05/14 v3.1 Provides the ifpdf switch
)
Package pdftexcmds Info: LuaTeX not detected.
Package pdftexcmds Info: \pdf@primitive is available.
Package pdftexcmds Info: \pdf@ifprimitive is available.
Package pdftexcmds Info: \pdfdraftmode found.
)
(/usr/share/texlive/texmf-dist/tex/latex/oberdiek/epstopdf-base.sty
Package: epstopdf-base 2016/05/15 v2.6 Base part for package epstopdf

(/usr/share/texlive/texmf-dist/tex/latex/oberdiek/grfext.sty
Package: grfext 2016/05/16 v1.2 Manage graphics extensions (HO)

(/usr/share/texlive/texmf-dist/tex/generic/oberdiek/kvdefinekeys.sty
Package: kvdefinekeys 2016/05/16 v1.4 Define keys (HO)
))
(/usr/share/texlive/texmf-dist/tex/latex/oberdiek/kvoptions.sty
Package: kvoptions 2016/05/16 v3.12 Key value format for package options (HO)

(/usr/share/texlive/texmf-dist/tex/generic/oberdiek/kvsetkeys.sty
Package: kvsetkeys 2016/05/16 v1.17 Key value parser (HO)

(/usr/share/texlive/texmf-dist/tex/generic/oberdiek/etexcmds.sty
Package: etexcmds 2016/05/16 v1.6 Avoid name clashes with e-TeX commands (HO)
Package etexcmds Info: Could not find \expanded.
(etexcmds)             That can mean that you are not using pdfTeX 1.50 or
(etexcmds)             that some package has redefined \expanded.
(etexcmds)             In the latter case, load this package earlier.
)))
Package epstopdf-base Info: Redefining graphics rule for `.eps' on input line 4
38.
Package grfext Info: Graphics extension search list:
(grfext)             [.png,.pdf,.jpg,.mps,.jpeg,.jbig2,.jb2,.PNG,.PDF,.JPG,.JPE
G,.JBIG2,.JB2,.eps]
(grfext)             \AppendGraphicsExtensions on input line 456.

(/usr/share/texlive/texmf-dist/tex/latex/latexconfig/epstopdf-sys.cfg
File: epstopdf-sys.cfg 2010/07/13 v1.3 Configuration of (r)epstopdf for TeX Liv
e
))
[1

{/var/lib/texmf/fonts/map/pdftex/updmap/pdftex.map}] [2]
LaTeX Font Info:    Font shape `OT1/ptm/bx/n' in size <10.95> not available
(Font)              Font shape `OT1/ptm/b/n' tried instead on input line 60.
LaTeX Font Info:    Try loading font information for U+msa on input line 61.

(/home/kashif/texmf/tex/latex/amsfonts/umsa.fd
File: umsa.fd 2013/01/14 v3.01 AMS symbols A
)
LaTeX Font Info:    Try loading font information for U+msb on input line 61.

(/home/kashif/texmf/tex/latex/amsfonts/umsb.fd
File: umsb.fd 2013/01/14 v3.01 AMS symbols B
) [1]
LaTeX Font Info:    Font shape `OT1/ptm/bx/n' in size <24.88> not available
(Font)              Font shape `OT1/ptm/b/n' tried instead on input line 67.

(./MPhil ACS Dissertation - A Bouland.toc)
\tf@toc=\write3
\openout3 = `"MPhil ACS Dissertation - A Bouland.toc"'.

 [1

]
Chapter 1.
LaTeX Font Info:    Font shape `OT1/ptm/bx/n' in size <20.74> not available
(Font)              Font shape `OT1/ptm/b/n' tried instead on input line 75.
LaTeX Font Info:    Font shape `OT1/ptm/bx/n' in size <14.4> not available
(Font)              Font shape `OT1/ptm/b/n' tried instead on input line 77.
<Graph_Isomorphism_v0.png, id=22, 810.77907pt x 282.30469pt>
File: Graph_Isomorphism_v0.png Graphic file (type png)

<use Graph_Isomorphism_v0.png>
Package pdftex.def Info: Graph_Isomorphism_v0.png used on input line 84.
(pdftex.def)             Requested size: 408.58038pt x 142.26378pt.

<GI_P_NP_v0.png, id=23, 301.8778pt x 367.3725pt>
File: GI_P_NP_v0.png Graphic file (type png)
 <use GI_P_NP_v0.png>
Package pdftex.def Info: GI_P_NP_v0.png used on input line 97.
(pdftex.def)             Requested size: 116.90273pt x 142.26378pt.


LaTeX Warning: `h' float specifier changed to `ht'.

[2

 <./Graph_Isomorphism_v0.png>] [3 <./GI_P_NP_v0.png>] [4]
Chapter 2.
LaTeX Font Info:    Font shape `OT1/ptm/bx/n' in size <12> not available
(Font)              Font shape `OT1/ptm/b/n' tried instead on input line 152.
[5

] [6] [7] [8] [9] <parameter_chart_v6.png, id=59, 597.73312pt x 405.01312pt>
File: parameter_chart_v6.png Graphic file (type png)

<use parameter_chart_v6.png>
Package pdftex.def Info: parameter_chart_v6.png used on input line 291.
(pdftex.def)             Requested size: 377.93283pt x 256.0748pt.
 [10 <./parameter_chart_v6.png>]
Chapter 3.
<spanning_tree_v0.png, id=64, 346.29375pt x 240.14719pt>
File: spanning_tree_v0.png Graphic file (type png)

<use spanning_tree_v0.png>
Package pdftex.def Info: spanning_tree_v0.png used on input line 323.
(pdftex.def)             Requested size: 205.14641pt x 142.26378pt.
 [11

 <./spanning_tree_v0.png>] [12]
<mln_gadgets_v0.png, id=73, 718.18312pt x 161.10187pt>
File: mln_gadgets_v0.png Graphic file (type png)

<use mln_gadgets_v0.png>
Package pdftex.def Info: mln_gadgets_v0.png used on input line 370.
(pdftex.def)             Requested size: 380.5366pt x 85.35826pt.
 [13 <./mln_gadgets_v0.png>] [14]
<mln_reduction_v0.png, id=82, 1020.81375pt x 325.215pt>
File: mln_reduction_v0.png Graphic file (type png)

<use mln_reduction_v0.png>
Package pdftex.def Info: mln_reduction_v0.png used on input line 439.
(pdftex.def)             Requested size: 446.5582pt x 142.26378pt.

Overfull \hbox (3.90445pt too wide) in paragraph at lines 438--440
 [] 
 []

[15 <./mln_reduction_v0.png>]
<Vertex_Cover_Definition.png, id=86, 410.2828pt x 313.9228pt>
File: Vertex_Cover_Definition.png Graphic file (type png)

<use Vertex_Cover_Definition.png>
Package pdftex.def Info: Vertex_Cover_Definition.png used on input line 523.
(pdftex.def)             Requested size: 223.11452pt x 170.71652pt.


LaTeX Warning: `h' float specifier changed to `ht'.

[16] [17 <./Vertex_Cover_Definition.png>]
<Vertex_Cover_colouring_v1.png, id=94, 330.48468pt x 308.65312pt>
File: Vertex_Cover_colouring_v1.png Graphic file (type png)

<use Vertex_Cover_colouring_v1.png>
Package pdftex.def Info: Vertex_Cover_colouring_v1.png used on input line 569.
(pdftex.def)             Requested size: 182.79585pt x 170.71652pt.
 [18 <./Vertex_Cover_colouring_v1.png>]
Chapter 4.
[19

] [20] <Crossed_Fence_v2.png, id=105, 664.73344pt x 379.4175pt>
File: Crossed_Fence_v2.png Graphic file (type png)

<use Crossed_Fence_v2.png>
Package pdftex.def Info: Crossed_Fence_v2.png used on input line 676.
(pdftex.def)             Requested size: 343.95935pt x 196.324pt.
 [21 <./Crossed_Fence_v2.png>]
Missing character: There is no Â in font cmr10!
Missing character: There is no · in font cmr10!
Missing character: There is no Â in font cmr10!
Missing character: There is no · in font cmr10!
 [22]
LaTeX Font Info:    Font shape `OT1/ptm/bx/n' in size <10> not available
(Font)              Font shape `OT1/ptm/b/n' tried instead on input line 729.
 [23]
<NonIso_Same_Decomp_v0.png, id=118, 694.09312pt x 236.38312pt>
File: NonIso_Same_Decomp_v0.png Graphic file (type png)

<use NonIso_Same_Decomp_v0.png>
Package pdftex.def Info: NonIso_Same_Decomp_v0.png used on input line 790.
(pdftex.def)             Requested size: 417.7406pt x 142.26378pt.
 [24 <./NonIso_Same_Decomp_v0.png>] [25]
Overfull \hbox (4.36246pt too wide) in paragraph at lines 848--849
\OT1/ptm/m/n/10.95 Unfortunately, it's not clear that this al-go-rithm will pro
p-erly colour the or-bits of $\OML/cmm/m/it/10.95 Aut\OT1/cmr/m/n/10.95 (\OML/c
mm/m/it/10.95 G[]\OT1/cmr/m/n/10.95 )$ \OT1/ptm/m/n/10.95 and $\OML/cmm/m/it/10
.95 Aut\OT1/cmr/m/n/10.95 (\OML/cmm/m/it/10.95 G[]\OT1/cmr/m/n/10.95 )$\OT1/ptm
/m/n/10.95 .
 []

<Crossing_Decomp_Alg_Fails_v0.png, id=125, 336.50719pt x 277.035pt>
File: Crossing_Decomp_Alg_Fails_v0.png Graphic file (type png)

<use Crossing_Decomp_Alg_Fails_v0.png>
Package pdftex.def Info: Crossing_Decomp_Alg_Fails_v0.png used on input line 85
4.
(pdftex.def)             Requested size: 172.80249pt x 142.26378pt.
 [26 <./Crossing_Decomp_Alg_Fails_v0.png>] [27]
Chapter 5.
<Closure_Forest_v2.png, id=132, 640.64343pt x 263.48438pt>
File: Closure_Forest_v2.png Graphic file (type png)

<use Closure_Forest_v2.png>
Package pdftex.def Info: Closure_Forest_v2.png used on input line 896.
(pdftex.def)             Requested size: 345.92274pt x 142.26378pt.

<Tree_Decomp_v1.png, id=133, 654.94687pt x 257.46187pt>
File: Tree_Decomp_v1.png Graphic file (type png)

<use Tree_Decomp_v1.png>
Package pdftex.def Info: Tree_Decomp_v1.png used on input line 907.
(pdftex.def)             Requested size: 361.90083pt x 142.26378pt.
 [28

 <./Closure_Forest_v2.png>]
<VCN_implies_TD_v0.png, id=139, 666.23906pt x 319.1925pt>
File: VCN_implies_TD_v0.png Graphic file (type png)

<use VCN_implies_TD_v0.png>
Package pdftex.def Info: VCN_implies_TD_v0.png used on input line 921.
(pdftex.def)             Requested size: 296.93799pt x 142.26378pt.
 [29 <./Tree_Decomp_v1.png> <./VCN_implies_TD_v0.png>] [30] <td_partial_decomp_
v1.png, id=147, 332.74312pt x 375.65344pt>
File: td_partial_decomp_v1.png Graphic file (type png)

<use td_partial_decomp_v1.png>
Package pdftex.def Info: td_partial_decomp_v1.png used on input line 1007.
(pdftex.def)             Requested size: 176.419pt x 199.16928pt.
 [31]
Overfull \hbox (2.34131pt too wide) in paragraph at lines 1028--1029
[]\OT1/ptm/m/n/10.95 1. $\OT1/cmr/m/n/10.95 (\OML/cmm/m/it/10.95 E\OT1/cmr/m/n/
10.95 (\OML/cmm/m/it/10.95 r[]; s\OT1/cmr/m/n/10.95 )\OML/cmm/m/it/10.95 ; E\OT
1/cmr/m/n/10.95 (\OML/cmm/m/it/10.95 r[]; s\OT1/cmr/m/n/10.95 )\OML/cmm/m/it/10
.95 ; :::; E\OT1/cmr/m/n/10.95 (\OML/cmm/m/it/10.95 r[]; s\OT1/cmr/m/n/10.95 ))
 \OML/cmm/m/it/10.95 < \OT1/cmr/m/n/10.95 (\OML/cmm/m/it/10.95 E\OT1/cmr/m/n/10
.95 (\OML/cmm/m/it/10.95 r[]; t\OT1/cmr/m/n/10.95 )\OML/cmm/m/it/10.95 ; E\OT1/
cmr/m/n/10.95 (\OML/cmm/m/it/10.95 r[]; t\OT1/cmr/m/n/10.95 )\OML/cmm/m/it/10.9
5 ; :::; E\OT1/cmr/m/n/10.95 (\OML/cmm/m/it/10.95 r[]; t\OT1/cmr/m/n/10.95 ))$ 
\OT1/ptm/m/n/10.95 lex-i-co-graph-i-cally, where
 []

[32 <./td_partial_decomp_v1.png>]

LaTeX Warning: `h' float specifier changed to `ht'.

[33]
Overfull \hbox (18.32108pt too wide) in paragraph at lines 1151--1153
\OT1/ptm/m/it/10.95 serve as the root of a depth-$\OML/cmm/m/it/10.95 d$ \OT1/p
tm/m/it/10.95 de-com-po-si-tion of $\OML/cmm/m/it/10.95 G$ \OT1/ptm/m/it/10.95 
which are min-i-mal in $\OT1/cmr/m/n/10.95 #\OML/cmm/m/it/10.95 r$ \OT1/ptm/m/i
t/10.95 and $\OT1/cmr/m/n/10.95 (\OML/cmm/m/it/10.95 ^^_\OT1/cmr/m/n/10.95 (\OM
L/cmm/m/it/10.95 S[]\OT1/cmr/m/n/10.95 )\OML/cmm/m/it/10.95 ; ^^_\OT1/cmr/m/n/1
0.95 (\OML/cmm/m/it/10.95 S[]\OT1/cmr/m/n/10.95 )\OML/cmm/m/it/10.95 ; :::; ^^_
\OT1/cmr/m/n/10.95 (\OML/cmm/m/it/10.95 S[]\OT1/cmr/m/n/10.95 ))$
 []


Overfull \hbox (28.48965pt too wide) in paragraph at lines 1166--1167
\OT1/ptm/m/n/10.95 For each $\OML/cmm/m/it/10.95 r$\OT1/ptm/m/n/10.95 , com-put
-ing $\OT1/cmr/m/n/10.95 #\OML/cmm/m/it/10.95 r$ \OT1/ptm/m/n/10.95 and $\OML/c
mm/m/it/10.95 ^^_\OT1/cmr/m/n/10.95 (\OML/cmm/m/it/10.95 S[]\OT1/cmr/m/n/10.95 
)$ \OT1/ptm/m/n/10.95 for each com-po-nent $\OML/cmm/m/it/10.95 S[]$ \OT1/ptm/m
/n/10.95 of $\OML/cmm/m/it/10.95 G \OMS/cmsy/m/n/10.95 ^^@ \OML/cmm/m/it/10.95 
r$ \OT1/ptm/m/n/10.95 can be done in time $\OT1/cmr/m/n/10.95 ^^F[]\OML/cmm/m/i
t/10.95 O\OT1/cmr/m/n/10.95 (\OMS/cmsy/m/n/10.95 j\OML/cmm/m/it/10.95 S[]\OMS/c
msy/m/n/10.95 j[]\OT1/cmr/m/n/10.95 ) \OMS/cmsy/m/n/10.95 ^^T
 []

[34] [35] [36] [37]
Chapter 6.
[38

] [39

] [40]
Missing character: There is no â in font ptmr7t!
Missing character: There is no € in font ptmr7t!
Missing character: There is no “ in font ptmr7t!
Missing character: There is no â in font ptmr7t!
Missing character: There is no € in font ptmr7t!
Missing character: There is no ™ in font ptmr7t!
Missing character: There is no â in font ptmr7t!
Missing character: There is no € in font ptmr7t!
Missing character: There is no “ in font ptmr7t!
 [41] (./MPhil ACS Dissertation - A Bouland.aux) )
(\end occurred inside a group at level 1)

### simple group (level 1) entered at line 1061 ({)
### bottom level 
Here is how much of TeX's memory you used:
 3438 strings out of 494945
 48217 string characters out of 6181032
 114459 words of memory out of 5000000
 6643 multiletter control sequences out of 15000+600000
 41832 words of font info for 103 fonts, out of 8000000 for 9000
 14 hyphenation exceptions out of 8191
 40i,16n,27p,1336b,2099s stack positions out of 5000i,500n,10000p,200000b,80000s
{/usr/share/texlive/texmf-dist/fonts/enc/dvips/base/8r.enc}</ho
me/kashif/texmf/fonts/type1/public/amsfonts/cm/cmex10.pfb></home/kashif/texmf/f
onts/type1/public/amsfonts/cm/cmmi10.pfb></home/kashif/texmf/fonts/type1/public
/amsfonts/cm/cmmi12.pfb></home/kashif/texmf/fonts/type1/public/amsfonts/cm/cmmi
6.pfb></home/kashif/texmf/fonts/type1/public/amsfonts/cm/cmmi7.pfb></home/kashi
f/texmf/fonts/type1/public/amsfonts/cm/cmmi8.pfb></home/kashif/texmf/fonts/type
1/public/amsfonts/cm/cmr10.pfb></home/kashif/texmf/fonts/type1/public/amsfonts/
cm/cmr12.pfb></home/kashif/texmf/fonts/type1/public/amsfonts/cm/cmr6.pfb></home
/kashif/texmf/fonts/type1/public/amsfonts/cm/cmr7.pfb></home/kashif/texmf/fonts
/type1/public/amsfonts/cm/cmr8.pfb></home/kashif/texmf/fonts/type1/public/amsfo
nts/cm/cmss10.pfb></home/kashif/texmf/fonts/type1/public/amsfonts/cm/cmss12.pfb
></home/kashif/texmf/fonts/type1/public/amsfonts/cm/cmss17.pfb></home/kashif/te
xmf/fonts/type1/public/amsfonts/cm/cmss8.pfb></home/kashif/texmf/fonts/type1/pu
blic/amsfonts/cm/cmsy10.pfb></home/kashif/texmf/fonts/type1/public/amsfonts/cm/
cmsy6.pfb></home/kashif/texmf/fonts/type1/public/amsfonts/cm/cmsy7.pfb></home/k
ashif/texmf/fonts/type1/public/amsfonts/cm/cmsy8.pfb></home/kashif/texmf/fonts/
type1/public/amsfonts/symbols/msbm10.pfb></home/kashif/texmf/fonts/type1/urw/ti
mes/utmb8a.pfb></home/kashif/texmf/fonts/type1/urw/times/utmr8a.pfb></home/kash
if/texmf/fonts/type1/urw/times/utmr8a.pfb></home/kashif/texmf/fonts/type1/urw/t
imes/utmri8a.pfb>
Output written on "MPhil ACS Dissertation - A Bouland.pdf" (44 pages, 699089 by
tes).
PDF statistics:
 266 PDF objects out of 1000 (max. 8388607)
 174 compressed objects within 2 object streams
 0 named destinations out of 1000 (max. 500000)
 76 words of extra memory for PDF output out of 10000 (max. 10000000)

